(1064, 'You have an error in your SQL syntax; check the manual that corresponds to your TiDB version for the right syntax to use line 9 column 8 near "n" ')
+--------------------------------------------------+---------------+--------------+---------------------+----------------------------------------------------------------------------------------------------------------------------------------------------------------------------------------------------+
| id                                               | estRows       | task         | access object       | operator info                                                                                                                                                                                      |
+--------------------------------------------------+---------------+--------------+---------------------+----------------------------------------------------------------------------------------------------------------------------------------------------------------------------------------------------+
| Projection_17                                    | 10.00         | root         |                     | any_value(gharchive_dev.github_events.repo_name)->Column#40, Column#38                                                                                                                             |
| └─TopN_21                                        | 10.00         | root         |                     | Column#38:desc, offset:0, count:10                                                                                                                                                                 |
|   └─TableReader_106                              | 10.00         | root         | partition:all       | MppVersion: 1, data:ExchangeSender_105                                                                                                                                                             |
|     └─ExchangeSender_105                         | 10.00         | mpp[tiflash] |                     | ExchangeType: PassThrough                                                                                                                                                                          |
|       └─TopN_104                                 | 10.00         | mpp[tiflash] |                     | Column#38:desc, offset:0, count:10                                                                                                                                                                 |
|         └─Projection_99                          | 1541.76       | mpp[tiflash] |                     | Column#38, gharchive_dev.github_events.repo_name                                                                                                                                                   |
|           └─HashAgg_97                           | 1541.76       | mpp[tiflash] |                     | group by:gharchive_dev.github_events.repo_id, funcs:count(gharchive_dev.github_events.id)->Column#38, funcs:firstrow(gharchive_dev.github_events.repo_name)->gharchive_dev.github_events.repo_name |
|             └─ExchangeReceiver_81                | 1541.76       | mpp[tiflash] |                     |                                                                                                                                                                                                    |
|               └─ExchangeSender_80                | 1541.76       | mpp[tiflash] |                     | ExchangeType: HashPartition, Compression: FAST, Hash Cols: [name: gharchive_dev.github_events.repo_id, collate: binary]                                                                            |
|                 └─Projection_79                  | 1541.76       | mpp[tiflash] |                     | gharchive_dev.github_events.id, gharchive_dev.github_events.repo_id, gharchive_dev.github_events.repo_name                                                                                         |
|                   └─HashJoin_75                  | 1541.76       | mpp[tiflash] |                     | inner join, equal:[eq(Column#44, Column#43)]                                                                                                                                                       |
|                     ├─ExchangeReceiver_44(Build) | 92.00         | mpp[tiflash] |                     |                                                                                                                                                                                                    |
|                     │ └─ExchangeSender_43        | 92.00         | mpp[tiflash] |                     | ExchangeType: Broadcast                                                                                                                                                                            |
|                     │   └─Projection_41          | 92.00         | mpp[tiflash] |                     | cast(gharchive_dev.db_repos.id, double BINARY)->Column#44                                                                                                                                          |
|                     │     └─TableFullScan_42     | 92.00         | mpp[tiflash] | table:repo_subset   | keep order:false, stats:pseudo                                                                                                                                                                     |
|                     └─Projection_45(Probe)       | 158732549.80  | mpp[tiflash] |                     | gharchive_dev.github_events.id, gharchive_dev.github_events.repo_id, gharchive_dev.github_events.repo_name, cast(gharchive_dev.github_events.repo_id, double BINARY)->Column#43                    |
|                       └─Selection_47             | 158732549.80  | mpp[tiflash] |                     | ge(gharchive_dev.github_events.created_at, 2023-09-03 12:00:00.000000), lt(gharchive_dev.github_events.created_at, 2023-09-03 13:00:00.000000)                                                     |
|                         └─TableFullScan_46       | 6349301992.00 | mpp[tiflash] | table:github_events | keep order:false, PartitionTableScan:true                                                                                                                                                          |
+--------------------------------------------------+---------------+--------------+---------------------+----------------------------------------------------------------------------------------------------------------------------------------------------------------------------------------------------+
